<?xml version="1.0" encoding="UTF-8"?>
<testsuites>
  <testsuite name="Teste.acceptance" tests="1" assertions="7" failures="0" errors="0" time="15.093510">
    <testcase file="/var/www/html/modules/module/Teste/test/acceptance/EmailCreateCest.php" name="createSuccessful" class="Teste\Acceptance\EmailCreateCest" assertions="7" time="15.093510"/>
  </testsuite>
  <testsuite name="Teste.functional" tests="2" assertions="5" failures="0" errors="0" time="17.003283">
    <testcase file="/var/www/html/modules/module/Teste/test/functional/EmailCreateCest.php" name="onPage" class="Teste\Functional\EmailCreateCest" assertions="1" time="8.147853"/>
    <testcase file="/var/www/html/modules/module/Teste/test/functional/EmailCreateCest.php" name="breadcrumb" class="Teste\Functional\EmailCreateCest" assertions="4" time="8.855430"/>
  </testsuite>
</testsuites>
