SandboxImageUpload
sandbox-image-upload
/var/www/gear-package/sandbox-image-upload
AllImagesUpload
{"varchar_upload_one" : "upload_image", "varchar_upload_two" : "upload_image"}
20160123222060_image_upload

[1m[31mFatal error[0m: Uncaught exception 'RuntimeException' with message 'Unable to load ZF2. Run `php composer.phar install` or define a ZF2_PATH environment variable.'[22m in [31m/var/www/gear-package/sandbox-image-upload/init_autoloader.php[0m on line [32m51[0m[22m

[1m[31mRuntimeException[0m: Unable to load ZF2. Run `php composer.phar install` or define a ZF2_PATH environment variable.[22m in [31m/var/www/gear-package/sandbox-image-upload/init_autoloader.php[0m on line [32m51[0m[22m

[1mCall Stack:[22m
    0.0002     232128   1. {main}() /var/www/gear-package/sandbox-image-upload/public/index.php:0
    0.0004     239808   2. require('/var/www/gear-package/sandbox-image-upload/init_autoloader.php') /var/www/gear-package/sandbox-image-upload/public/index.php:43


[1m[31mFatal error[0m: Uncaught exception 'RuntimeException' with message 'Unable to load ZF2. Run `php composer.phar install` or define a ZF2_PATH environment variable.'[22m in [31m/var/www/gear-package/sandbox-image-upload/init_autoloader.php[0m on line [32m51[0m[22m

[1m[31mRuntimeException[0m: Unable to load ZF2. Run `php composer.phar install` or define a ZF2_PATH environment variable.[22m in [31m/var/www/gear-package/sandbox-image-upload/init_autoloader.php[0m on line [32m51[0m[22m

[1mCall Stack:[22m
    0.0002     232304   1. {main}() /var/www/gear-package/sandbox-image-upload/public/index.php:0
    0.0006     239984   2. require('/var/www/gear-package/sandbox-image-upload/init_autoloader.php') /var/www/gear-package/sandbox-image-upload/public/index.php:43


[1m[31mFatal error[0m: Uncaught exception 'RuntimeException' with message 'Unable to load ZF2. Run `php composer.phar install` or define a ZF2_PATH environment variable.'[22m in [31m/var/www/gear-package/sandbox-image-upload/init_autoloader.php[0m on line [32m51[0m[22m

[1m[31mRuntimeException[0m: Unable to load ZF2. Run `php composer.phar install` or define a ZF2_PATH environment variable.[22m in [31m/var/www/gear-package/sandbox-image-upload/init_autoloader.php[0m on line [32m51[0m[22m

[1mCall Stack:[22m
    0.0004     232296   1. {main}() /var/www/gear-package/sandbox-image-upload/public/index.php:0
    0.0006     239976   2. require('/var/www/gear-package/sandbox-image-upload/init_autoloader.php') /var/www/gear-package/sandbox-image-upload/public/index.php:43


[1m[31mFatal error[0m: Uncaught exception 'RuntimeException' with message 'Unable to load ZF2. Run `php composer.phar install` or define a ZF2_PATH environment variable.'[22m in [31m/var/www/gear-package/sandbox-image-upload/init_autoloader.php[0m on line [32m51[0m[22m

[1m[31mRuntimeException[0m: Unable to load ZF2. Run `php composer.phar install` or define a ZF2_PATH environment variable.[22m in [31m/var/www/gear-package/sandbox-image-upload/init_autoloader.php[0m on line [32m51[0m[22m

[1mCall Stack:[22m
    0.0002     232480   1. {main}() /var/www/gear-package/sandbox-image-upload/public/index.php:0
    0.0004     240160   2. require('/var/www/gear-package/sandbox-image-upload/init_autoloader.php') /var/www/gear-package/sandbox-image-upload/public/index.php:43


[1m[31mFatal error[0m: Uncaught exception 'RuntimeException' with message 'Unable to load ZF2. Run `php composer.phar install` or define a ZF2_PATH environment variable.'[22m in [31m/var/www/gear-package/sandbox-image-upload/init_autoloader.php[0m on line [32m51[0m[22m

[1m[31mRuntimeException[0m: Unable to load ZF2. Run `php composer.phar install` or define a ZF2_PATH environment variable.[22m in [31m/var/www/gear-package/sandbox-image-upload/init_autoloader.php[0m on line [32m51[0m[22m

[1mCall Stack:[22m
    0.0002     232472   1. {main}() /var/www/gear-package/sandbox-image-upload/public/index.php:0
    0.0004     240152   2. require('/var/www/gear-package/sandbox-image-upload/init_autoloader.php') /var/www/gear-package/sandbox-image-upload/public/index.php:43

Unable to locate tools.jar. Expected to find it in /usr/lib/jvm/java-7-openjdk-amd64/lib/tools.jar
Buildfile: /var/www/gear-package/sandbox-image-upload/build.xml

clean:
