<?xml version="1.0" encoding="UTF-8"?>
<testsuites>
  <testsuite name="Gear.unit" tests="91" assertions="125" failures="0" errors="0" time="113.298342">
    <testcase name="testServiceLocator" class="GearTest\ColumnTest\ColumnServiceTest" file="/var/www/gear-package/gear/test/unit/GearTest/ColumnTest/ColumnServiceTest.php" line="21" assertions="1" time="0.534888"/>
    <testcase name="testGet" class="GearTest\ColumnTest\ColumnServiceTest" file="/var/www/gear-package/gear/test/unit/GearTest/ColumnTest/ColumnServiceTest.php" line="31" assertions="1" time="0.445169"/>
    <testcase name="testSet" class="GearTest\ColumnTest\ColumnServiceTest" file="/var/www/gear-package/gear/test/unit/GearTest/ColumnTest/ColumnServiceTest.php" line="41" assertions="1" time="0.562275"/>
    <testcase name="testFactoryColumns" class="GearTest\ColumnTest\ColumnServiceTest" file="/var/www/gear-package/gear/test/unit/GearTest/ColumnTest/ColumnServiceTest.php" line="51" assertions="0" time="0.555731"/>
    <testcase name="testConfig" class="GearTest\ControllerTest\ConfigControllerTest" file="/var/www/gear-package/gear/test/unit/GearTest/ConfigTest/ConfigControllerTest.php" line="26" assertions="1" time="0.457154"/>
    <testcase name="testAddConfig" class="GearTest\ControllerTest\ConfigControllerTest" file="/var/www/gear-package/gear/test/unit/GearTest/ConfigTest/ConfigControllerTest.php" line="35" assertions="1" time="0.459087"/>
    <testcase name="testUpdateConfig" class="GearTest\ControllerTest\ConfigControllerTest" file="/var/www/gear-package/gear/test/unit/GearTest/ConfigTest/ConfigControllerTest.php" line="44" assertions="1" time="0.466886"/>
    <testcase name="testDeleteConfig" class="GearTest\ControllerTest\ConfigControllerTest" file="/var/www/gear-package/gear/test/unit/GearTest/ConfigTest/ConfigControllerTest.php" line="53" assertions="1" time="0.402424"/>
    <testcase name="testControllerManager" class="GearTest\ConstructorTest\ActionTest\ActionControllerTest" file="/var/www/gear-package/gear/test/unit/GearTest/ConstructorTest/ActionTest/ActionControllerTest.php" line="27" assertions="1" time="1.553683"/>
    <testcase name="testServiceManager" class="GearTest\ServiceTest\ConstructorTest\ActionServiceTest" file="/var/www/gear-package/gear/test/unit/GearTest/ConstructorTest/ActionTest/ActionServiceTest.php" line="14" assertions="1" time="0.522691"/>
    <testcase name="testServiceLocator" class="GearTest\ConstructorTest\AppTest\AppServiceTest" file="/var/www/gear-package/gear/test/unit/GearTest/ConstructorTest/AppTest/AppServiceTest.php" line="18" assertions="1" time="0.633405"/>
    <testcase name="testGet" class="GearTest\ConstructorTest\AppTest\AppServiceTest" file="/var/www/gear-package/gear/test/unit/GearTest/ConstructorTest/AppTest/AppServiceTest.php" line="28" assertions="1" time="0.599621"/>
    <testcase name="testSet" class="GearTest\ConstructorTest\AppTest\AppServiceTest" file="/var/www/gear-package/gear/test/unit/GearTest/ConstructorTest/AppTest/AppServiceTest.php" line="38" assertions="1" time="0.682753"/>
    <testcase name="testSetAppServiceService" class="GearTest\ConstructorTest\AppTest\AppServiceTest" file="/var/www/gear-package/gear/test/unit/GearTest/ConstructorTest/AppTest/AppServiceTest.php" line="46" assertions="1" time="0.679916"/>
    <testcase name="testGetAppServiceService" class="GearTest\ConstructorTest\AppTest\AppServiceTest" file="/var/www/gear-package/gear/test/unit/GearTest/ConstructorTest/AppTest/AppServiceTest.php" line="53" assertions="1" time="0.598066"/>
    <testcase name="testSetAppControllerService" class="GearTest\ConstructorTest\AppTest\AppServiceTest" file="/var/www/gear-package/gear/test/unit/GearTest/ConstructorTest/AppTest/AppServiceTest.php" line="60" assertions="1" time="0.651510"/>
    <testcase name="testGetAppControllerService" class="GearTest\ConstructorTest\AppTest\AppServiceTest" file="/var/www/gear-package/gear/test/unit/GearTest/ConstructorTest/AppTest/AppServiceTest.php" line="67" assertions="1" time="0.551744"/>
    <testcase name="testSetSchemaService" class="GearTest\ConstructorTest\AppTest\AppServiceTest" file="/var/www/gear-package/gear/test/unit/GearTest/ConstructorTest/AppTest/AppServiceTest.php" line="74" assertions="1" time="0.606105"/>
    <testcase name="testGetSchemaService" class="GearTest\ConstructorTest\AppTest\AppServiceTest" file="/var/www/gear-package/gear/test/unit/GearTest/ConstructorTest/AppTest/AppServiceTest.php" line="81" assertions="1" time="0.573051"/>
    <testcase name="testControllerManager" class="GearTest\ConstructorTest\ControllerTest\ControllerControllerTest" file="/var/www/gear-package/gear/test/unit/GearTest/ConstructorTest/ControllerTest/ControllerControllerTest.php" line="27" assertions="1" time="1.721272"/>
    <testcase name="testServiceManager" class="GearTest\ServiceTest\ConstructorTest\ControllerServiceTest" file="/var/www/gear-package/gear/test/unit/GearTest/ConstructorTest/ControllerTest/ControllerServiceTest.php" line="14" assertions="1" time="0.630869"/>
    <testcase name="testControllerManager" class="GearTest\ConstructorTest\DbTest\DbControllerTest" file="/var/www/gear-package/gear/test/unit/GearTest/ConstructorTest/DbTest.php/DbControllerTest.php" line="29" assertions="1" time="1.725332"/>
    <testcase name="testTrait" class="GearTest\ConstructorTest\DbTest\DbControllerTest" file="/var/www/gear-package/gear/test/unit/GearTest/ConstructorTest/DbTest.php/DbControllerTest.php" line="37" assertions="1" time="1.585015"/>
    <testcase name="testCreateDb" class="GearTest\ConstructorTest\DbTest\DbControllerTest" file="/var/www/gear-package/gear/test/unit/GearTest/ConstructorTest/DbTest.php/DbControllerTest.php" line="51" assertions="2" time="1.647289"/>
    <testcase name="testDeleteDb" class="GearTest\ConstructorTest\DbTest\DbControllerTest" file="/var/www/gear-package/gear/test/unit/GearTest/ConstructorTest/DbTest.php/DbControllerTest.php" line="81" assertions="2" time="1.688186"/>
    <testcase name="testServiceManager" class="GearTest\ConstructorTest\DbTest\DbServiceTest" file="/var/www/gear-package/gear/test/unit/GearTest/ConstructorTest/DbTest.php/DbServiceTest.php" line="17" assertions="1" time="0.599021"/>
    <testcase name="testCreate" class="GearTest\ConstructorTest\DbTest\DbServiceTest" file="/var/www/gear-package/gear/test/unit/GearTest/ConstructorTest/DbTest.php/DbServiceTest.php" line="36" assertions="14" time="0.854428"/>
    <testcase name="testCreateDbWithUploadImage" class="GearTest\ConstructorTest\DbTest\DbServiceTest" file="/var/www/gear-package/gear/test/unit/GearTest/ConstructorTest/DbTest.php/DbServiceTest.php" line="184" assertions="15" time="0.659890"/>
    <testcase name="testDelete" class="GearTest\ConstructorTest\DbTest\DbServiceTest" file="/var/www/gear-package/gear/test/unit/GearTest/ConstructorTest/DbTest.php/DbServiceTest.php" line="343" assertions="1" time="0.513698"/>
    <testcase name="testControllerManager" class="GearTest\ConstructorTest\SrcTest\SrcControllerTest" file="/var/www/gear-package/gear/test/unit/GearTest/ConstructorTest/SrcTest/SrcControllerTest.php" line="27" assertions="1" time="1.672703"/>
    <testcase name="testServiceManager" class="GearTest\ConstructorTest\SrcTest\SrcServiceTest" file="/var/www/gear-package/gear/test/unit/GearTest/ConstructorTest/SrcTest/SrcServiceTest.php" line="14" assertions="1" time="0.539684"/>
    <testcase name="testCreateServiceSrc" class="GearTest\ConstructorTest\SrcTest\SrcServiceTest" file="/var/www/gear-package/gear/test/unit/GearTest/ConstructorTest/SrcTest/SrcServiceTest.php" line="20" assertions="1" time="0.646218"/>
    <testcase name="testCreateRepositorySrc" class="GearTest\ConstructorTest\SrcTest\SrcServiceTest" file="/var/www/gear-package/gear/test/unit/GearTest/ConstructorTest/SrcTest/SrcServiceTest.php" line="53" assertions="1" time="0.644444"/>
    <testcase name="testControllerManager" class="GearTest\ConstructorTest\TestTest\TestControllerTest" file="/var/www/gear-package/gear/test/unit/GearTest/ConstructorTest/TestTest/TestControllerTest.php" line="27" assertions="1" time="1.777009"/>
    <testcase name="testServiceManager" class="GearTest\ConstructorTest\TestTest\TestServiceTest" file="/var/www/gear-package/gear/test/unit/GearTest/ConstructorTest/TestTest/TestServiceTest.php" line="14" assertions="1" time="0.660694"/>
    <testcase name="testControllerManager" class="GearTest\ConstructorView\ViewView\ViewControllerTest" file="/var/www/gear-package/gear/test/unit/GearTest/ConstructorTest/ViewTest/ViewControllerTest.php" line="27" assertions="1" time="1.794062"/>
    <testcase name="testServiceManager" class="GearTest\ConstructorTest\ViewTest\ViewServiceTest" file="/var/www/gear-package/gear/test/unit/GearTest/ConstructorTest/ViewTest/ViewServiceTest.php" line="14" assertions="1" time="0.571313"/>
    <testcase name="testServiceLocator" class="GearTest\CreatorTest\FileCreatorTest\AppTest\ConstructorArgsTest" file="/var/www/gear-package/gear/test/unit/GearTest/CreatorTest/FileCreatorTest/AppTest/ConstructorArgsTest.php" line="18" assertions="1" time="0.585174"/>
    <testcase name="testGet" class="GearTest\CreatorTest\FileCreatorTest\AppTest\ConstructorArgsTest" file="/var/www/gear-package/gear/test/unit/GearTest/CreatorTest/FileCreatorTest/AppTest/ConstructorArgsTest.php" line="28" assertions="1" time="0.599447"/>
    <testcase name="testSet" class="GearTest\CreatorTest\FileCreatorTest\AppTest\ConstructorArgsTest" file="/var/www/gear-package/gear/test/unit/GearTest/CreatorTest/FileCreatorTest/AppTest/ConstructorArgsTest.php" line="38" assertions="1" time="0.704847"/>
    <testcase name="testServiceLocator" class="GearTest\CreatorTest\FileCreatorTest\AppTest\InjectTest" file="/var/www/gear-package/gear/test/unit/GearTest/CreatorTest/FileCreatorTest/AppTest/InjectTest.php" line="18" assertions="1" time="0.520778"/>
    <testcase name="testGet" class="GearTest\CreatorTest\FileCreatorTest\AppTest\InjectTest" file="/var/www/gear-package/gear/test/unit/GearTest/CreatorTest/FileCreatorTest/AppTest/InjectTest.php" line="28" assertions="1" time="0.622037"/>
    <testcase name="testSet" class="GearTest\CreatorTest\FileCreatorTest\AppTest\InjectTest" file="/var/www/gear-package/gear/test/unit/GearTest/CreatorTest/FileCreatorTest/AppTest/InjectTest.php" line="38" assertions="1" time="0.683005"/>
    <testcase name="testServiceLocator" class="GearTest\CreatorTest\FileCreatorTest\AppTestTest\BeforeEachTest" file="/var/www/gear-package/gear/test/unit/GearTest/CreatorTest/FileCreatorTest/AppTestTest/BeforeEachTest.php" line="18" assertions="1" time="0.531310"/>
    <testcase name="testGet" class="GearTest\CreatorTest\FileCreatorTest\AppTestTest\BeforeEachTest" file="/var/www/gear-package/gear/test/unit/GearTest/CreatorTest/FileCreatorTest/AppTestTest/BeforeEachTest.php" line="28" assertions="1" time="0.555006"/>
    <testcase name="testSet" class="GearTest\CreatorTest\FileCreatorTest\AppTestTest\BeforeEachTest" file="/var/www/gear-package/gear/test/unit/GearTest/CreatorTest/FileCreatorTest/AppTestTest/BeforeEachTest.php" line="38" assertions="1" time="0.660872"/>
    <testcase name="testServiceLocator" class="GearTest\CreatorTest\FileCreatorTest\AppTestTest\VarsTest" file="/var/www/gear-package/gear/test/unit/GearTest/CreatorTest/FileCreatorTest/AppTestTest/VarsTest.php" line="18" assertions="1" time="0.611070"/>
    <testcase name="testGet" class="GearTest\CreatorTest\FileCreatorTest\AppTestTest\VarsTest" file="/var/www/gear-package/gear/test/unit/GearTest/CreatorTest/FileCreatorTest/AppTestTest/VarsTest.php" line="28" assertions="1" time="0.585894"/>
    <testcase name="testSet" class="GearTest\CreatorTest\FileCreatorTest\AppTestTest\VarsTest" file="/var/www/gear-package/gear/test/unit/GearTest/CreatorTest/FileCreatorTest/AppTestTest/VarsTest.php" line="38" assertions="1" time="0.635060"/>
    <testcase name="testCreateModuleAsProject" class="GearTest\ModuleTest\ModuleTest" file="/var/www/gear-package/gear/test/unit/GearTest/ModuleTest/ModuleTest.php" line="19" assertions="1" time="0.562654"/>
    <testcase name="testPrepare" class="GearTest\ModuleTest\StructureTest\BasicModuleStructureTest" file="/var/www/gear-package/gear/test/unit/GearTest/ModuleTest/StructureTest/BasicModuleStructureTest.php" line="19" assertions="5" time="4.013820"/>
    <testcase name="testOk" class="GearTest\MvcTest\ConfigTest\NavigationTest" file="/var/www/gear-package/gear/test/unit/GearTest/MvcTest/ConfigTest/NavigationTest.php" line="15" assertions="1" time="0.580076"/>
    <testcase name="testServiceManager" class="GearTest\MvcTest\ControllerServiceTest" file="/var/www/gear-package/gear/test/unit/GearTest/MvcTest/ControllerServiceTest.php" line="13" assertions="1" time="0.570137"/>
    <testcase name="testCreateSrc" class="GearTest\ServiceTest\MvcTest\FilterServiceTest" file="/var/www/gear-package/gear/test/unit/GearTest/MvcTest/FilterServiceTest.php" line="50" assertions="0" time="0.660306"/>
    <testcase name="testCreateDbWithColumnsNotNullSpeciality" class="GearTest\ServiceTest\MvcTest\FilterServiceTest" file="/var/www/gear-package/gear/test/unit/GearTest/MvcTest/FilterServiceTest.php" line="128" assertions="0" time="0.576697"/>
    <testcase name="testServiceManager" class="GearTest\MvcTest\FixtureTest\FixtureServiceTest" file="/var/www/gear-package/gear/test/unit/GearTest/MvcTest/FixtureTest/FixtureServiceTest.php" line="13" assertions="1" time="0.545671"/>
    <testcase name="testCreateSrc" class="GearTest\ServiceTest\TestTest\FormTestServiceTest" file="/var/www/gear-package/gear/test/unit/GearTest/MvcTest/FormTestServiceTest.php" line="38" assertions="1" time="0.614483"/>
    <testcase name="testCreateSrcWithDb" class="GearTest\ServiceTest\TestTest\FormTestServiceTest" file="/var/www/gear-package/gear/test/unit/GearTest/MvcTest/FormTestServiceTest.php" line="43" assertions="1" time="0.565593"/>
    <testcase name="testCreateDb" class="GearTest\ServiceTest\TestTest\FormTestServiceTest" file="/var/www/gear-package/gear/test/unit/GearTest/MvcTest/FormTestServiceTest.php" line="48" assertions="1" time="0.630462"/>
    <testcase name="testServiceManager" class="GearTest\MvcTest\ServiceTest\ServiceTestServiceTest" file="/var/www/gear-package/gear/test/unit/GearTest/MvcTest/ServiceTest/ServiceTestServiceTest.php" line="23" assertions="1" time="0.559630"/>
    <testcase name="testCreateSrc" class="GearTest\MvcTest\ServiceTest\ServiceTestServiceTest" file="/var/www/gear-package/gear/test/unit/GearTest/MvcTest/ServiceTest/ServiceTestServiceTest.php" line="94" assertions="2" time="0.979862">
      <system-out>[1mstring[22m([32m11[0m) "[31mServiceTest[0m"
[1mstring[22m([32m15[0m) "[31mvfs://moduleDir[0m"
</system-out>
    </testcase>
    <testcase name="testCreateDb" class="GearTest\MvcTest\ServiceTest\ServiceTestServiceTest" file="/var/www/gear-package/gear/test/unit/GearTest/MvcTest/ServiceTest/ServiceTestServiceTest.php" line="130" assertions="3" time="44.311054"/>
    <testcase name="testServiceLocator" class="GearTest\MvcTest\ViewTest\AppTest\AppControllerServiceTest" file="/var/www/gear-package/gear/test/unit/GearTest/MvcTest/ViewTest/AppTest/AppControllerServiceTest.php" line="18" assertions="1" time="0.621787"/>
    <testcase name="testGet" class="GearTest\MvcTest\ViewTest\AppTest\AppControllerServiceTest" file="/var/www/gear-package/gear/test/unit/GearTest/MvcTest/ViewTest/AppTest/AppControllerServiceTest.php" line="28" assertions="1" time="0.600832"/>
    <testcase name="testSet" class="GearTest\MvcTest\ViewTest\AppTest\AppControllerServiceTest" file="/var/www/gear-package/gear/test/unit/GearTest/MvcTest/ViewTest/AppTest/AppControllerServiceTest.php" line="40" assertions="1" time="0.645257"/>
    <testcase name="testSetAppControllerSpecService" class="GearTest\MvcTest\ViewTest\AppTest\AppControllerServiceTest" file="/var/www/gear-package/gear/test/unit/GearTest/MvcTest/ViewTest/AppTest/AppControllerServiceTest.php" line="48" assertions="1" time="0.753191"/>
    <testcase name="testGetAppControllerSpecService" class="GearTest\MvcTest\ViewTest\AppTest\AppControllerServiceTest" file="/var/www/gear-package/gear/test/unit/GearTest/MvcTest/ViewTest/AppTest/AppControllerServiceTest.php" line="55" assertions="1" time="0.616740"/>
    <testcase name="testServiceLocator" class="GearTest\MvcTest\ViewTest\AppTest\AppControllerSpecServiceTest" file="/var/www/gear-package/gear/test/unit/GearTest/MvcTest/ViewTest/AppTest/AppControllerSpecServiceTest.php" line="18" assertions="1" time="0.621916"/>
    <testcase name="testGet" class="GearTest\MvcTest\ViewTest\AppTest\AppControllerSpecServiceTest" file="/var/www/gear-package/gear/test/unit/GearTest/MvcTest/ViewTest/AppTest/AppControllerSpecServiceTest.php" line="28" assertions="1" time="0.621133"/>
    <testcase name="testSet" class="GearTest\MvcTest\ViewTest\AppTest\AppControllerSpecServiceTest" file="/var/www/gear-package/gear/test/unit/GearTest/MvcTest/ViewTest/AppTest/AppControllerSpecServiceTest.php" line="38" assertions="1" time="0.629987"/>
    <testcase name="testServiceLocator" class="GearTest\MvcTest\ViewTest\AppTest\AppServiceServiceTest" file="/var/www/gear-package/gear/test/unit/GearTest/MvcTest/ViewTest/AppTest/AppServiceServiceTest.php" line="18" assertions="1" time="0.615748"/>
    <testcase name="testGet" class="GearTest\MvcTest\ViewTest\AppTest\AppServiceServiceTest" file="/var/www/gear-package/gear/test/unit/GearTest/MvcTest/ViewTest/AppTest/AppServiceServiceTest.php" line="28" assertions="1" time="0.644569"/>
    <testcase name="testSet" class="GearTest\MvcTest\ViewTest\AppTest\AppServiceServiceTest" file="/var/www/gear-package/gear/test/unit/GearTest/MvcTest/ViewTest/AppTest/AppServiceServiceTest.php" line="38" assertions="1" time="0.719575"/>
    <testcase name="testSetAppServiceSpecService" class="GearTest\MvcTest\ViewTest\AppTest\AppServiceServiceTest" file="/var/www/gear-package/gear/test/unit/GearTest/MvcTest/ViewTest/AppTest/AppServiceServiceTest.php" line="46" assertions="1" time="0.696390"/>
    <testcase name="testGetAppServiceSpecService" class="GearTest\MvcTest\ViewTest\AppTest\AppServiceServiceTest" file="/var/www/gear-package/gear/test/unit/GearTest/MvcTest/ViewTest/AppTest/AppServiceServiceTest.php" line="53" assertions="1" time="0.645987"/>
    <testcase name="testServiceLocator" class="GearTest\MvcTest\ViewTest\AppTest\AppServiceSpecServiceTest" file="/var/www/gear-package/gear/test/unit/GearTest/MvcTest/ViewTest/AppTest/AppServiceSpecServiceTest.php" line="18" assertions="1" time="0.637384"/>
    <testcase name="testGet" class="GearTest\MvcTest\ViewTest\AppTest\AppServiceSpecServiceTest" file="/var/www/gear-package/gear/test/unit/GearTest/MvcTest/ViewTest/AppTest/AppServiceSpecServiceTest.php" line="28" assertions="1" time="0.676719"/>
    <testcase name="testSet" class="GearTest\MvcTest\ViewTest\AppTest\AppServiceSpecServiceTest" file="/var/www/gear-package/gear/test/unit/GearTest/MvcTest/ViewTest/AppTest/AppServiceSpecServiceTest.php" line="38" assertions="1" time="0.608390"/>
    <testcase name="testExistsUpgradeClass" class="GearTest\ProjectTest\UpgradeTest" file="/var/www/gear-package/gear/test/unit/GearTest/ProjectTest/UpgradeTest.php" line="15" assertions="2" time="0.684692"/>
    <testcase name="testServiceLocator" class="GearTest\TableTest\MetadataServiceTest" file="/var/www/gear-package/gear/test/unit/GearTest/TableTest/MetadataServiceTest.php" line="18" assertions="1" time="0.709289"/>
    <testcase name="testGet" class="GearTest\TableTest\MetadataServiceTest" file="/var/www/gear-package/gear/test/unit/GearTest/TableTest/MetadataServiceTest.php" line="28" assertions="1" time="0.679695"/>
    <testcase name="testSet" class="GearTest\TableTest\MetadataServiceTest" file="/var/www/gear-package/gear/test/unit/GearTest/TableTest/MetadataServiceTest.php" line="38" assertions="1" time="0.591407"/>
    <testcase name="testServiceLocator" class="GearTest\TableTest\TableServiceTest" file="/var/www/gear-package/gear/test/unit/GearTest/TableTest/TableServiceTest.php" line="18" assertions="1" time="0.632211"/>
    <testcase name="testGet" class="GearTest\TableTest\TableServiceTest" file="/var/www/gear-package/gear/test/unit/GearTest/TableTest/TableServiceTest.php" line="28" assertions="1" time="0.648936"/>
    <testcase name="testSet" class="GearTest\TableTest\TableServiceTest" file="/var/www/gear-package/gear/test/unit/GearTest/TableTest/TableServiceTest.php" line="38" assertions="1" time="0.632250"/>
    <testcase name="testServiceLocator" class="GearTest\Util\Vector\ArrayServiceTest" file="/var/www/gear-package/gear/test/unit/GearTest/UtilTest/VectorTest/ArrayServiceTest.php" line="19" assertions="1" time="0.753873"/>
    <testcase name="testGet" class="GearTest\Util\Vector\ArrayServiceTest" file="/var/www/gear-package/gear/test/unit/GearTest/UtilTest/VectorTest/ArrayServiceTest.php" line="29" assertions="1" time="0.731044"/>
    <testcase name="testSet" class="GearTest\Util\Vector\ArrayServiceTest" file="/var/www/gear-package/gear/test/unit/GearTest/UtilTest/VectorTest/ArrayServiceTest.php" line="39" assertions="1" time="0.883415"/>
    <testcase name="testReplaceLine" class="GearTest\Util\Vector\ArrayServiceTest" file="/var/www/gear-package/gear/test/unit/GearTest/UtilTest/VectorTest/ArrayServiceTest.php" line="49" assertions="1" time="0.774910"/>
    <testcase name="testMove" class="GearTest\Util\Vector\ArrayServiceTest" file="/var/www/gear-package/gear/test/unit/GearTest/UtilTest/VectorTest/ArrayServiceTest.php" line="71" assertions="1" time="0.698735"/>
    <testcase name="testReplaceRange" class="GearTest\Util\Vector\ArrayServiceTest" file="/var/www/gear-package/gear/test/unit/GearTest/UtilTest/VectorTest/ArrayServiceTest.php" line="90" assertions="1" time="0.590049"/>
  </testsuite>
</testsuites>
